10|1000
10|1003
10|1004
10|1010
10|1015
10|1018
10|1021
10|1022
10|103
10|1030
10|1039
10|1043
10|1045
10|1046
10|1049
10|1052
10|1055
10|1058
10|1063
10|1067
10|107
10|1070
10|1073
10|1081
10|109
10|1093
10|1099
10|11
10|1102
10|1103
10|1108
10|1114
10|1117
10|112
10|1126
10|1129
10|1133
10|1135
10|1139
10|1142
10|1144
10|1147
10|115
10|1151
10|1153
10|1159
10|1162
10|1168
10|1169
10|1171
10|1174
10|1175
10|1177
10|118
10|1180
10|1181
10|1183
10|1184
10|1186
10|1189
10|1192
10|1196
10|1202
10|1207
10|121
10|1210
10|1213
10|1214
10|1219
10|122
10|1222
10|1225
10|1234
10|124
10|1243
10|1249
10|125
10|1250
10|1255
10|1256
10|1258
10|1261
10|1267
10|1276
10|1279
10|1282
10|1285
10|1288
10|1289
10|1291
10|1300
10|1303
10|1304
10|1309
10|1310
10|1312
10|1315
10|1318
10|1322
10|1324
10|133
10|1334
10|1339
10|1340
10|1342
10|1343
10|1348
10|1349
10|1351
10|1354
10|1355
10|1358
10|1361
10|1367
10|137
10|1372
10|1375
10|1378
10|1379
10|1381
10|1387
10|139
10|1394
10|1403
10|1405
10|1411
10|1412
10|1415
10|1418
10|142
10|1426
10|143
10|1430
10|1433
10|1435
10|1436
10|1441
10|1447
10|1456
10|146
10|1463
10|1465
10|1475
10|1478
10|148
10|1481
10|1483
10|1484
10|1489
10|149
10|1490
10|1492
10|1495
10|1499
10|16
10|164
10|167
10|17
10|170
10|172
10|175
10|179
10|181
10|187
10|188
10|190
10|193
10|197
10|199
10|2
10|20
10|202
10|203
10|208
10|211
10|214
10|218
10|220
10|221
10|223
10|224
10|226
10|23
10|235
10|236
10|241
10|242
10|248
10|250
10|251
10|253
10|259
10|260
10|262
10|263
10|265
10|266
10|268
10|269
10|272
10|280
10|281
10|283
10|286
10|287
10|290
10|293
10|295
10|299
10|301
10|304
10|308
10|31
10|310
10|311
10|325
10|328
10|331
10|334
10|337
10|338
10|34
10|340
10|346
10|35
10|352
10|355
10|358
10|364
10|367
10|37
10|370
10|374
10|376
10|379
10|380
10|382
10|385
10|388
10|389
10|394
10|395
10|397
10|4
10|400
10|403
10|406
10|407
10|41
10|415
10|416
10|427
10|43
10|430
10|433
10|437
10|439
10|454
10|457
10|461
10|466
10|470
10|476
10|478
10|479
10|481
10|482
10|485
10|488
10|494
10|5
10|503
10|505
10|511
10|52
10|520
10|524
10|526
10|53
10|532
10|536
10|542
10|544
10|545
10|55
10|550
10|553
10|554
10|556
10|557
10|559
10|56
10|562
10|565
10|568
10|575
10|577
10|580
10|586
10|590
10|595
10|598
10|599
10|607
10|61
10|613
10|614
10|62
10|625
10|628
10|635
10|637
10|640
10|643
10|646
10|649
10|650
10|655
10|661
10|662
10|667
10|668
10|67
10|670
10|671
10|677
10|679
10|68
10|685
10|686
10|688
10|689
10|691
10|694
10|697
10|7
10|700
10|704
10|706
10|722
10|724
10|725
10|727
10|728
10|73
10|733
10|736
10|737
10|739
10|743
10|746
10|749
10|754
10|764
10|766
10|770
10|772
10|782
10|785
10|79
10|790
10|794
10|799
10|80
10|802
10|803
10|805
10|806
10|808
10|811
10|814
10|820
10|823
10|826
10|827
10|830
10|832
10|833
10|836
10|838
10|841
10|842
10|847
10|853
10|859
10|86
10|862
10|866
10|869
10|871
10|877
10|898
10|899
10|901
10|902
10|905
10|907
10|91
10|916
10|920
10|922
10|923
10|925
10|926
10|934
10|935
10|937
10|94
10|940
10|941
10|943
10|946
10|949
10|950
10|952
10|958
10|961
10|967
10|968
10|970
10|974
10|98
10|991
10|992
10|994
10|995
10|997
10|998
13|1
13|10
13|1004
13|1006
13|1009
13|1010
13|1012
13|1013
13|1019
13|1024
13|1025
13|1027
13|1028
13|103
13|1030
13|1033
13|1037
13|1043
13|1048
13|1049
13|1054
13|1055
13|1061
13|1066
13|1069
13|1072
13|1081
13|1084
13|1085
13|1087
13|109
13|1090
13|1093
13|110
13|1103
13|1105
13|1106
13|1109
13|1112
13|1114
13|1117
13|1120
13|1121
13|113
13|1133
13|1135
13|1136
13|1138
13|1141
13|1142
13|1144
13|1147
13|1150
13|1153
13|1159
13|1162
13|1163
13|1168
13|1169
13|1171
13|1172
13|1174
13|1177
13|1178
13|1186
13|119
13|1192
13|1195
13|1196
13|1199
13|1201
13|1202
13|1207
13|121
13|1220
13|1222
13|1225
13|1226
13|1228
13|1229
13|1231
13|1234
13|1237
13|124
13|1240
13|125
13|1267
13|127
13|1274
13|128
13|1285
13|1288
13|1291
13|1294
13|130
13|1300
13|1306
13|1309
13|1310
13|1313
13|1318
13|1319
13|1327
13|133
13|1331
13|1333
13|1336
13|1337
13|134
13|1342
13|1348
13|1349
13|1355
13|1358
13|136
13|1361
13|1367
13|1369
13|1372
13|1373
13|1379
13|1384
13|1394
13|1396
13|14
13|1400
13|1402
13|1403
13|1412
13|1420
13|1421
13|1423
13|1424
13|1426
13|1429
13|1430
13|1433
13|1436
13|1441
13|1442
13|1447
13|1456
13|1459
13|146
13|1460
13|1466
13|1468
13|1471
13|1475
13|1477
13|1480
13|1486
13|149
13|1490
13|1498
13|154
13|160
13|161
13|166
13|167
13|169
13|170
13|175
13|176
13|179
13|181
13|187
13|188
13|19
13|190
13|197
13|199
13|202
13|205
13|208
13|209
13|214
13|217
13|218
13|22
13|220
13|223
13|224
13|23
13|238
13|244
13|245
13|248
13|25
13|250
13|265
13|268
13|274
13|275
13|28
13|283
13|284
13|286
13|287
13|29
13|290
13|292
13|299
13|304
13|310
13|311
13|314
13|316
13|317
13|319
13|320
13|325
13|329
13|332
13|334
13|335
13|338
13|34
13|340
13|343
13|346
13|349
13|361
13|365
13|368
13|370
13|373
13|374
13|379
13|382
13|391
13|392
13|394
13|395
13|4
13|40
13|400
13|406
13|409
13|415
13|418
13|419
13|421
13|424
13|43
13|430
13|431
13|433
13|434
13|436
13|439
13|442
13|451
13|454
13|457
13|458
13|461
13|463
13|464
13|466
13|469
13|481
13|484
13|49
13|490
13|493
13|494
13|496
13|500
13|517
13|521
13|526
13|529
13|53
13|530
13|533
13|536
13|55
13|554
13|556
13|559
13|562
13|565
13|566
13|571
13|572
13|574
13|578
13|581
13|589
13|590
13|595
13|596
13|601
13|607
13|608
13|61
13|613
13|616
13|620
13|635
13|637
13|64
13|640
13|643
13|649
13|650
13|652
13|653
13|658
13|665
13|67
13|670
13|676
13|679
13|682
13|685
13|686
13|689
13|691
13|695
13|697
13|7
13|700
13|701
13|703
13|709
13|710
13|713
13|716
13|721
13|727
13|73
13|731
13|733
13|739
13|743
13|745
13|754
13|755
13|760
13|761
13|763
13|766
13|767
13|769
13|77
13|775
13|784
13|785
13|788
13|79
13|790
13|793
13|796
13|799
13|80
13|800
13|805
13|808
13|809
13|815
13|821
13|824
13|827
13|830
13|835
13|838
13|839
13|844
13|845
13|848
13|85
13|853
13|856
13|859
13|862
13|863
13|871
13|874
13|877
13|880
13|881
13|883
13|884
13|886
13|887
13|889
13|893
13|904
13|910
13|929
13|937
13|940
13|943
13|946
13|949
13|95
13|952
13|955
13|961
13|968
13|971
13|973
13|976
13|979
13|982
13|985
13|988
13|991
13|992
13|994
13|998
19|10
19|100
19|1000
19|1004
19|1009
19|101
19|1012
19|1015
19|1019
19|1021
19|1022
19|1024
19|1028
19|1030
19|1031
19|1033
19|104
19|1042
19|1048
19|1049
19|1051
19|106
19|1061
19|1067
19|1069
19|1072
19|1075
19|1078
19|1079
19|1084
19|1085
19|109
19|1093
19|1094
19|1097
19|1099
19|110
19|1103
19|1105
19|1112
19|1117
19|1118
19|112
19|1120
19|1126
19|1129
19|1130
19|1132
19|1133
19|1141
19|1147
19|1150
19|1153
19|1156
19|1157
19|116
19|1162
19|1165
19|1168
19|1171
19|1174
19|1177
19|1178
19|1189
19|1198
19|1201
19|1202
19|1207
19|1208
19|1213
19|1214
19|1220
19|1222
19|1223
19|1225
19|1228
19|1229
19|1232
19|1234
19|1240
19|1246
19|1247
19|1249
19|1252
19|1255
19|1261
19|1262
19|1267
19|127
19|1270
19|1273
19|1276
19|1277
19|128
19|1282
19|1292
19|1295
19|130
19|1306
19|131
19|1312
19|1313
19|1319
19|1321
19|1322
19|1327
19|1328
19|1333
19|1334
19|1337
19|1345
19|1348
19|1349
19|1355
19|1357
19|136
19|1360
19|1361
19|1364
19|1366
19|1367
19|1369
19|1375
19|1376
19|1381
19|1384
19|139
19|1396
19|14
19|1402
19|1405
19|1411
19|1415
19|1417
19|1420
19|1423
19|1427
19|143
19|1435
19|1439
19|1442
19|1444
19|145
19|1450
19|1453
19|1459
19|146
19|1463
19|1468
19|1471
19|148
19|1480
19|1489
19|149
19|1490
19|1495
19|1498
19|1499
19|154
19|158
19|160
19|166
19|169
19|17
19|170
19|172
19|175
19|176
19|178
19|179
19|181
19|187
19|19
19|196
19|206
19|208
19|212
19|214
19|215
19|22
19|220
19|223
19|229
19|23
19|230
19|232
19|235
19|236
19|241
19|244
19|25
19|250
19|253
19|257
19|259
19|263
19|268
19|269
19|278
19|280
19|283
19|284
19|286
19|289
19|29
19|290
19|292
19|295
19|296
19|298
19|304
19|307
19|31
19|316
19|317
19|319
19|322
19|323
19|325
19|328
19|329
19|331
19|334
19|338
19|34
19|350
19|353
19|356
19|358
19|364
19|367
19|368
19|370
19|371
19|374
19|376
19|379
19|38
19|382
19|383
19|385
19|388
19|389
19|397
19|398
19|4
19|40
19|400
19|403
19|409
19|412
19|413
19|416
19|418
19|419
19|422
19|424
19|43
19|430
19|431
19|433
19|436
19|439
19|44
19|442
19|446
19|454
19|455
19|46
19|461
19|467
19|469
19|473
19|475
19|478
19|484
19|485
19|487
19|49
19|490
19|491
19|493
19|494
19|50
19|503
19|514
19|523
19|524
19|526
19|532
19|533
19|536
19|542
19|545
19|548
19|550
19|556
19|559
19|563
19|565
19|568
19|577
19|578
19|58
19|580
19|584
19|586
19|589
19|607
19|61
19|610
19|611
19|613
19|62
19|623
19|625
19|628
19|634
19|635
19|638
19|643
19|649
19|65
19|652
19|656
19|658
19|661
19|664
19|667
19|670
19|673
19|68
19|685
19|7
19|70
19|701
19|703
19|707
19|71
19|712
19|715
19|718
19|719
19|721
19|730
19|737
19|74
19|745
19|748
19|751
19|754
19|76
19|761
19|766
19|769
19|772
19|773
19|775
19|776
19|784
19|787
19|79
19|794
19|800
19|802
19|806
19|808
19|809
19|811
19|814
19|815
19|818
19|821
19|823
19|826
19|832
19|835
19|836
19|838
19|841
19|844
19|850
19|86
19|860
19|866
19|868
19|874
19|877
19|88
19|881
19|883
19|887
19|889
19|892
19|893
19|895
19|898
19|905
19|907
19|908
19|916
19|919
19|920
19|922
19|925
19|932
19|934
19|937
19|938
19|94
19|940
19|944
19|946
19|947
19|949
19|952
19|953
19|955
19|956
19|958
19|959
19|964
19|965
19|97
19|970
19|976
19|977
19|979
19|98
19|982
19|983
19|986
19|988
19|989
19|992
19|994
19|995
1|100
1|1000
1|1001
1|1009
1|1010
1|1012
1|1019
1|1021
1|1024
1|1025
1|1027
1|1028
1|103
1|1030
1|1036
1|1043
1|1045
1|1048
1|1051
1|1055
1|1058
1|106
1|1063
1|107
1|1072
1|1073
1|1075
1|1078
1|1079
1|1081
1|1085
1|1087
1|109
1|1094
1|1102
1|1111
1|1114
1|1115
1|1118
1|112
1|1120
1|1123
1|1124
1|1129
1|1144
1|1145
1|1147
1|1150
1|1153
1|1156
1|1159
1|116
1|1160
1|1171
1|1175
1|1177
1|118
1|1183
1|1186
1|1192
1|1199
1|1201
1|1207
1|121
1|1213
1|1216
1|1219
1|1220
1|1222
1|1223
1|1225
1|1228
1|1229
1|1231
1|1234
1|1238
1|1243
1|1246
1|1250
1|1255
1|1258
1|1259
1|1262
1|1270
1|1274
1|128
1|1282
1|1288
1|1289
1|1291
1|1294
1|1295
1|1297
1|1298
1|1300
1|1301
1|1303
1|1304
1|1306
1|1307
1|1309
1|1312
1|1315
1|1316
1|1318
1|1319
1|1322
1|1333
1|1336
1|1337
1|1339
1|134
1|1343
1|1345
1|1346
1|1348
1|1351
1|1354
1|1355
1|1360
1|1364
1|1366
1|1372
1|1378
1|1381
1|1382
1|1384
1|1387
1|1390
1|1393
1|1394
1|1396
1|1408
1|1411
1|1412
1|1415
1|1420
1|1424
1|1426
1|1429
1|1430
1|1432
1|1433
1|1438
1|1439
1|1441
1|1442
1|1444
1|1447
1|145
1|1462
1|1465
1|1469
1|1471
1|1474
1|1478
1|1489
1|1492
1|1498
1|154
1|155
1|157
1|16
1|160
1|163
1|164
1|166
1|169
1|17
1|175
1|179
1|181
1|184
1|187
1|188
1|19
1|190
1|196
1|197
1|199
1|200
1|202
1|206
1|214
1|215
1|217
1|22
1|220
1|223
1|229
1|23
1|232
1|233
1|242
1|244
1|25
1|251
1|253
1|256
1|257
1|259
1|265
1|268
1|271
1|274
1|275
1|277
1|278
1|281
1|287
1|29
1|296
1|298
1|304
1|307
1|31
1|313
1|316
1|317
1|322
1|325
1|328
1|331
1|334
1|338
1|34
1|340
1|341
1|349
1|350
1|353
1|355
1|358
1|361
1|364
1|365
1|37
1|370
1|371
1|379
1|380
1|388
1|397
1|400
1|401
1|403
1|404
1|409
1|410
1|412
1|419
1|421
1|424
1|427
1|428
1|43
1|431
1|433
1|437
1|440
1|445
1|446
1|448
1|449
1|458
1|461
1|469
1|473
1|475
1|478
1|481
1|484
1|485
1|491
1|493
1|496
1|503
1|505
1|511
1|512
1|518
1|52
1|520
1|521
1|523
1|524
1|526
1|529
1|530
1|532
1|538
1|539
1|541
1|55
1|550
1|551
1|559
1|560
1|565
1|568
1|572
1|577
1|580
1|581
1|583
1|584
1|587
1|589
1|590
1|601
1|602
1|607
1|608
1|613
1|616
1|619
1|622
1|625
1|626
1|628
1|637
1|649
1|658
1|664
1|668
1|67
1|670
1|673
1|676
1|679
1|68
1|680
1|686
1|691
1|697
1|700
1|701
1|704
1|709
1|71
1|712
1|718
1|724
1|725
1|727
1|73
1|733
1|734
1|739
1|74
1|740
1|754
1|755
1|757
1|758
1|76
1|761
1|767
1|781
1|785
1|787
1|788
1|796
1|799
1|800
1|802
1|805
1|808
1|814
1|815
1|817
1|820
1|823
1|826
1|830
1|832
1|833
1|836
1|838
1|839
1|841
1|844
1|847
1|85
1|850
1|851
1|854
1|859
1|872
1|874
1|877
1|878
1|880
1|886
1|890
1|893
1|902
1|904
1|908
1|91
1|911
1|919
1|922
1|925
1|934
1|937
1|94
1|940
1|943
1|944
1|946
1|947
1|95
1|953
1|955
1|958
1|959
1|961
1|962
1|964
1|965
1|967
1|973
1|976
1|979
1|98
1|982
1|983
1|985
1|986
1|988
1|989
1|991
1|997
20|100
20|1000
20|1003
20|1004
20|1006
20|101
20|1010
20|1013
20|1016
20|1024
20|1027
20|1028
20|1030
20|1036
20|1039
20|1042
20|1045
20|1049
20|1051
20|1052
20|1060
20|1061
20|1063
20|1066
20|1069
20|1072
20|1078
20|1079
20|1084
20|109
20|1099
20|1100
20|1102
20|1105
20|1111
20|1114
20|1117
20|1118
20|1120
20|1124
20|1126
20|113
20|1132
20|1133
20|1135
20|1136
20|1138
20|1141
20|1144
20|1145
20|1147
20|1148
20|1150
20|1153
20|1154
20|1156
20|1159
20|116
20|1162
20|1163
20|1166
20|1169
20|1171
20|1177
20|1186
20|1201
20|1205
20|1207
20|121
20|1213
20|1216
20|1217
20|1219
20|1222
20|1223
20|1225
20|1226
20|1228
20|1231
20|1240
20|1243
20|1244
20|1246
20|125
20|1255
20|1258
20|1259
20|1264
20|1265
20|1267
20|1268
20|127
20|1277
20|1279
20|1283
20|1285
20|1288
20|1297
20|13
20|1300
20|1303
20|1309
20|1313
20|1315
20|1316
20|1318
20|1319
20|1322
20|1330
20|1331
20|1333
20|1336
20|1342
20|1343
20|1345
20|1346
20|1348
20|1349
20|1351
20|1357
20|136
20|1367
20|137
20|1372
20|1384
20|139
20|1390
20|1396
20|140
20|1402
20|1408
20|1411
20|1412
20|1414
20|1417
20|142
20|1420
20|1421
20|1426
20|1438
20|1439
20|1441
20|1447
20|145
20|1451
20|1453
20|1457
20|1459
20|1465
20|1469
20|1471
20|1477
20|1478
20|1483
20|1484
20|1486
20|1489
20|1492
20|1493
20|1495
20|1498
20|151
20|154
20|155
20|157
20|158
20|160
20|161
20|17
20|172
20|178
20|181
20|184
20|187
20|19
20|190
20|193
20|196
20|199
20|2
20|20
20|202
20|205
20|209
20|211
20|212
20|214
20|217
20|218
20|22
20|223
20|226
20|23
20|232
20|238
20|241
20|245
20|247
20|248
20|253
20|256
20|262
20|268
20|269
20|278
20|28
20|280
20|281
20|283
20|293
20|298
20|304
20|307
20|31
20|314
20|316
20|319
20|320
20|325
20|326
20|328
20|331
20|332
20|334
20|337
20|34
20|340
20|341
20|343
20|346
20|35
20|358
20|362
20|368
20|370
20|379
20|382
20|386
20|394
20|395
20|398
20|40
20|401
20|404
20|41
20|410
20|412
20|416
20|422
20|424
20|436
20|446
20|448
20|449
20|451
20|458
20|46
20|460
20|461
20|463
20|466
20|472
20|481
20|484
20|49
20|490
20|493
20|496
20|497
20|5
20|500
20|502
20|518
20|520
20|523
20|527
20|529
20|532
20|536
20|538
20|539
20|545
20|547
20|55
20|551
20|556
20|557
20|559
20|56
20|562
20|563
20|565
20|568
20|571
20|574
20|575
20|577
20|580
20|581
20|589
20|592
20|595
20|604
20|607
20|61
20|619
20|620
20|622
20|625
20|628
20|631
20|637
20|643
20|65
20|650
20|652
20|656
20|658
20|661
20|665
20|667
20|671
20|673
20|677
20|68
20|682
20|688
20|689
20|691
20|694
20|70
20|700
20|701
20|703
20|712
20|715
20|725
20|728
20|73
20|734
20|739
20|740
20|742
20|743
20|746
20|749
20|751
20|754
20|757
20|761
20|764
20|769
20|77
20|770
20|772
20|775
20|779
20|781
20|784
20|79
20|790
20|794
20|796
20|797
20|799
20|80
20|800
20|802
20|808
20|811
20|812
20|814
20|817
20|82
20|821
20|823
20|829
20|830
20|832
20|835
20|836
20|841
20|850
20|851
20|857
20|859
20|862
20|866
20|868
20|869
20|871
20|877
20|883
20|886
20|89
20|890
20|893
20|895
20|901
20|904
20|908
20|91
20|914
20|919
20|920
20|922
20|926
20|928
20|935
20|937
20|938
20|94
20|940
20|944
20|946
20|949
20|95
20|955
20|956
20|961
20|965
20|973
20|976
20|977
20|980
20|986
20|988
20|991
20|997
21|1
21|10
21|100
21|1000
21|1001
21|1003
21|1004
21|1006
21|101
21|1021
21|1024
21|1027
21|103
21|1030
21|1031
21|1033
21|1036
21|1037
21|104
21|1042
21|1048
21|1049
21|1051
21|1054
21|1055
21|1057
21|106
21|1060
21|1063
21|1064
21|1067
21|107
21|1070
21|1072
21|1079
21|1082
21|1084
21|1085
21|1090
21|1093
21|1096
21|1097
21|1102
21|1103
21|1105
21|1106
21|112
21|1121
21|1126
21|1129
21|1130
21|1132
21|1133
21|1135
21|1138
21|1142
21|115
21|1153
21|1154
21|116
21|1160
21|1163
21|1168
21|1169
21|1171
21|1174
21|1177
21|118
21|1180
21|1181
21|1183
21|1192
21|1195
21|1199
21|1201
21|1202
21|1205
21|1207
21|1213
21|1220
21|1222
21|1228
21|1231
21|1234
21|124
21|1240
21|1243
21|1246
21|1249
21|1258
21|1259
21|1261
21|1267
21|127
21|1271
21|1274
21|1276
21|128
21|1282
21|1285
21|1288
21|1289
21|1291
21|1297
21|13
21|130
21|1301
21|1303
21|131
21|1318
21|1321
21|1325
21|1328
21|1330
21|1333
21|1336
21|134
21|1340
21|1342
21|1345
21|1348
21|1349
21|1351
21|1352
21|1355
21|136
21|1360
21|1363
21|1366
21|1367
21|1372
21|1375
21|1376
21|139
21|1393
21|14
21|1400
21|1405
21|1408
21|1414
21|1420
21|1421
21|1423
21|1427
21|1429
21|1430
21|1433
21|1435
21|1438
21|1439
21|1442
21|1444
21|1447
21|145
21|1450
21|1451
21|1453
21|1454
21|1456
21|1459
21|146
21|1462
21|1466
21|1468
21|1469
21|1474
21|1477
21|1480
21|1484
21|1486
21|1489
21|149
21|1492
21|1493
21|16
21|166
21|167
21|169
21|172
21|181
21|184
21|187
21|188
21|19
21|190
21|193
21|194
21|199
21|200
21|202
21|205
21|209
21|211
21|214
21|217
21|22
21|220
21|223
21|224
21|226
21|229
21|232
21|235
21|236
21|238
21|239
21|241
21|242
21|247
21|25
21|250
21|256
21|259
21|265
21|268
21|271
21|277
21|28
21|29
21|295
21|299
21|304
21|305
21|307
21|31
21|313
21|314
21|316
21|317
21|320
21|322
21|323
21|325
21|326
21|328
21|329
21|331
21|334
21|335
21|337
21|34
21|340
21|343
21|346
21|352
21|353
21|355
21|358
21|359
21|361
21|364
21|370
21|373
21|379
21|382
21|385
21|386
21|388
21|394
21|395
21|4
21|40
21|403
21|404
21|409
21|415
21|416
21|418
21|419
21|422
21|428
21|43
21|430
21|436
21|44
21|440
21|446
21|457
21|458
21|46
21|460
21|463
21|464
21|466
21|469
21|478
21|479
21|482
21|484
21|49
21|491
21|493
21|496
21|499
21|5
21|50
21|500
21|505
21|508
21|511
21|514
21|520
21|523
21|526
21|529
21|53
21|530
21|536
21|544
21|548
21|55
21|550
21|551
21|554
21|562
21|563
21|568
21|571
21|572
21|574
21|575
21|589
21|592
21|595
21|596
21|599
21|601
21|602
21|604
21|61
21|614
21|619
21|620
21|622
21|623
21|625
21|626
21|628
21|632
21|634
21|637
21|638
21|640
21|644
21|646
21|649
21|65
21|650
21|652
21|655
21|656
21|659
21|661
21|667
21|670
21|676
21|679
21|68
21|680
21|682
21|685
21|689
21|694
21|697
21|70
21|701
21|703
21|71
21|710
21|715
21|719
21|721
21|722
21|724
21|725
21|728
21|740
21|745
21|746
21|749
21|751
21|757
21|758
21|76
21|760
21|764
21|766
21|767
21|772
21|775
21|778
21|779
21|787
21|79
21|793
21|80
21|805
21|806
21|808
21|812
21|82
21|823
21|829
21|832
21|835
21|836
21|850
21|853
21|857
21|86
21|863
21|866
21|868
21|869
21|874
21|878
21|88
21|880
21|881
21|883
21|886
21|887
21|889
21|893
21|898
21|901
21|904
21|91
21|916
21|919
21|923
21|925
21|931
21|932
21|934
21|937
21|94
21|940
21|941
21|943
21|946
21|949
21|952
21|955
21|959
21|97
21|970
21|974
21|976
21|979
21|98
21|980
21|988
21|997
21|998
29|10
29|1003
29|1006
29|1009
29|101
29|1013
29|1018
29|1022
29|1028
29|103
29|1031
29|1036
29|1040
29|1042
29|1043
29|1048
29|1049
29|1051
29|1054
29|1064
29|1066
29|107
29|1070
29|1072
29|1075
29|1081
29|1084
29|1085
29|1088
29|109
29|1090
29|1097
29|1102
29|1105
29|1112
29|1114
29|1115
29|112
29|1120
29|1121
29|1126
29|1141
29|1144
29|115
29|1150
29|1153
29|1156
29|1162
29|1163
29|1168
29|1169
29|1171
29|1177
29|1178
29|1189
29|1195
29|1196
29|1202
29|1204
29|1205
29|1207
29|121
29|1210
29|1213
29|1217
29|1219
29|1222
29|1225
29|1228
29|124
29|1243
29|1246
29|1249
29|1253
29|1255
29|1258
29|1261
29|1267
29|127
29|1270
29|1273
29|1274
29|1279
29|1282
29|1288
29|1292
29|1295
29|130
29|1300
29|1304
29|1306
29|1307
29|1315
29|1319
29|1321
29|1324
29|1325
29|1327
29|133
29|1330
29|1340
29|1342
29|1343
29|1348
29|1351
29|1354
29|1361
29|1367
29|1370
29|1376
29|1378
29|1381
29|1390
29|1391
29|1402
29|1403
29|1408
29|1414
29|1417
29|142
29|1420
29|1423
29|1426
29|1427
29|1429
29|1430
29|1432
29|1433
29|1435
29|1439
29|1445
29|1447
29|145
29|1454
29|146
29|1462
29|1463
29|1466
29|1469
29|1471
29|148
29|1484
29|1489
29|1492
29|1493
29|151
29|152
29|160
29|166
29|172
29|175
29|178
29|184
29|187
29|19
29|190
29|193
29|194
29|196
29|199
29|2
29|206
29|209
29|212
29|217
29|218
29|22
29|220
29|223
29|226
29|229
29|23
29|232
29|235
29|238
29|241
29|244
29|245
29|247
29|248
29|250
29|253
29|254
29|256
29|259
29|260
29|262
29|263
29|272
29|274
29|277
29|28
29|286
29|287
29|29
29|292
29|293
29|295
29|296
29|298
29|302
29|304
29|307
29|311
29|314
29|32
29|322
29|328
29|329
29|332
29|334
29|338
29|34
29|343
29|344
29|346
29|349
29|35
29|350
29|352
29|353
29|355
29|359
29|361
29|362
29|367
29|368
29|37
29|374
29|376
29|38
29|385
29|388
29|392
29|394
29|400
29|401
29|406
29|409
29|410
29|413
29|416
29|422
29|425
29|427
29|452
29|457
29|46
29|460
29|461
29|463
29|464
29|466
29|469
29|472
29|475
29|478
29|488
29|490
29|493
29|497
29|50
29|500
29|503
29|505
29|508
29|509
29|511
29|514
29|515
29|518
29|52
29|520
29|523
29|526
29|527
29|533
29|535
29|538
29|544
29|550
29|553
29|556
29|560
29|562
29|563
29|565
29|571
29|574
29|575
29|577
29|580
29|583
29|584
29|586
29|589
29|592
29|595
29|598
29|601
29|604
29|607
29|611
29|614
29|616
29|628
29|631
29|640
29|643
29|644
29|649
29|65
29|650
29|652
29|655
29|656
29|658
29|659
29|661
29|664
29|667
29|671
29|673
29|676
29|679
29|682
29|683
29|685
29|691
29|694
29|697
29|7
29|701
29|703
29|704
29|712
29|719
29|724
29|725
29|727
29|730
29|733
29|739
29|74
29|740
29|742
29|743
29|745
29|746
29|754
29|760
29|766
29|769
29|770
29|772
29|775
29|778
29|781
29|784
29|787
29|790
29|791
29|799
29|8
29|80
29|805
29|806
29|811
29|812
29|814
29|815
29|817
29|820
29|823
29|829
29|835
29|836
29|841
29|847
29|85
29|850
29|851
29|853
29|856
29|865
29|866
29|868
29|871
29|874
29|88
29|881
29|887
29|890
29|892
29|893
29|898
29|904
29|905
29|907
29|908
29|91
29|917
29|919
29|922
29|926
29|931
29|932
29|94
29|940
29|941
29|946
29|947
29|953
29|958
29|961
29|962
29|964
29|965
29|967
29|968
29|970
29|980
29|985
29|986
29|988
29|992
29|998
3|10
3|100
3|1009
3|1010
3|1013
3|1016
3|1021
3|1027
3|1036
3|1039
3|104
3|1040
3|1048
3|1049
3|1051
3|1055
3|1057
3|1058
3|106
3|1061
3|1063
3|1064
3|1066
3|1067
3|107
3|1070
3|1073
3|1078
3|1079
3|1082
3|1085
3|109
3|1093
3|1096
3|1099
3|110
3|1100
3|1102
3|1105
3|1115
3|1117
3|1118
3|1121
3|1129
3|113
3|1132
3|1135
3|1136
3|1144
3|1147
3|115
3|1150
3|1151
3|1153
3|1156
3|1162
3|1174
3|118
3|1180
3|1181
3|1186
3|1192
3|1195
3|1196
3|1198
3|1202
3|1207
3|121
3|1210
3|1211
3|1213
3|1219
3|1222
3|1225
3|1228
3|1231
3|1234
3|1238
3|1240
3|1244
3|1246
3|1247
3|1249
3|1250
3|1252
3|1253
3|1255
3|1258
3|1264
3|1265
3|1270
3|1273
3|1276
3|1279
3|1283
3|1291
3|1297
3|13
3|1300
3|1303
3|1309
3|131
3|1312
3|1313
3|1315
3|1316
3|1318
3|1319
3|1321
3|1324
3|1327
3|1328
3|1330
3|1334
3|1339
3|1340
3|1345
3|1348
3|1351
3|1354
3|1355
3|1361
3|1366
3|1367
3|1373
3|1378
3|1381
3|1384
3|1385
3|1391
3|1394
3|1396
3|1399
3|1400
3|1402
3|1405
3|1411
3|1417
3|1420
3|1423
3|1426
3|1427
3|1429
3|143
3|1430
3|1436
3|1441
3|1442
3|1444
3|1445
3|1447
3|145
3|1450
3|1453
3|1456
3|1459
3|146
3|1460
3|1462
3|1463
3|1465
3|1468
3|1469
3|1471
3|1474
3|1478
3|148
3|1481
3|1483
3|1486
3|1489
3|1490
3|1492
3|1495
3|1496
3|1499
3|152
3|155
3|16
3|160
3|17
3|172
3|173
3|175
3|178
3|184
3|19
3|190
3|199
3|200
3|202
3|205
3|206
3|212
3|214
3|217
3|218
3|22
3|220
3|224
3|232
3|236
3|245
3|247
3|25
3|250
3|262
3|265
3|268
3|271
3|274
3|278
3|280
3|283
3|284
3|286
3|287
3|289
3|29
3|293
3|295
3|304
3|307
3|308
3|31
3|311
3|314
3|316
3|319
3|322
3|325
3|329
3|331
3|332
3|334
3|337
3|34
3|349
3|355
3|356
3|364
3|38
3|380
3|385
3|386
3|391
3|4
3|403
3|404
3|406
3|409
3|41
3|412
3|413
3|428
3|43
3|430
3|434
3|439
3|44
3|440
3|448
3|451
3|458
3|460
3|461
3|464
3|469
3|47
3|470
3|472
3|473
3|478
3|481
3|485
3|49
3|490
3|493
3|494
3|496
3|499
3|502
3|511
3|52
3|523
3|529
3|53
3|530
3|532
3|535
3|536
3|538
3|539
3|541
3|542
3|544
3|547
3|55
3|550
3|556
3|562
3|563
3|565
3|577
3|578
3|586
3|587
3|589
3|595
3|598
3|604
3|605
3|607
3|61
3|610
3|611
3|613
3|619
3|626
3|634
3|638
3|64
3|640
3|643
3|649
3|652
3|655
3|659
3|661
3|664
3|667
3|67
3|670
3|674
3|676
3|68
3|682
3|685
3|686
3|689
3|697
3|70
3|700
3|701
3|706
3|707
3|709
3|712
3|718
3|719
3|721
3|724
3|727
3|73
3|734
3|736
3|737
3|739
3|74
3|742
3|755
3|76
3|760
3|763
3|769
3|775
3|776
3|778
3|785
3|787
3|788
3|79
3|790
3|794
3|799
3|8
3|800
3|802
3|808
3|811
3|818
3|821
3|826
3|829
3|830
3|832
3|833
3|835
3|836
3|838
3|839
3|841
3|845
3|850
3|851
3|854
3|859
3|86
3|862
3|872
3|874
3|883
3|884
3|896
3|898
3|899
3|905
3|908
3|91
3|913
3|916
3|922
3|925
3|926
3|935
3|937
3|94
3|940
3|941
3|943
3|946
3|952
3|958
3|959
3|961
3|967
3|968
3|97
3|970
3|976
3|986
3|994
3|998
46|1
46|10
46|100
46|1001
46|1003
46|1004
46|1006
46|1007
46|1012
46|1013
46|1015
46|1016
46|1027
46|1028
46|1030
46|1033
46|1039
46|1043
46|1048
46|1051
46|1054
46|1055
46|1061
46|1066
46|1067
46|107
46|1073
46|1078
46|1081
46|1084
46|1085
46|1087
46|109
46|1096
46|1099
46|11
46|110
46|1102
46|1109
46|1117
46|1118
46|1120
46|1126
46|1129
46|113
46|1132
46|1135
46|1138
46|1141
46|1142
46|1144
46|1147
46|1150
46|1156
46|1159
46|116
46|1162
46|1165
46|1169
46|1171
46|1172
46|1177
46|1180
46|1181
46|1183
46|1184
46|1186
46|1187
46|1192
46|1199
46|1201
46|1202
46|121
46|1210
46|1213
46|1216
46|1217
46|1223
46|1228
46|1234
46|1235
46|1238
46|1246
46|1252
46|1253
46|1258
46|1264
46|1267
46|1273
46|1279
46|128
46|1288
46|1289
46|1291
46|1294
46|1297
46|13
46|1300
46|1303
46|1306
46|1307
46|1309
46|1312
46|1325
46|1327
46|133
46|1330
46|134
46|1340
46|1342
46|1343
46|1345
46|1349
46|1355
46|1357
46|1358
46|1360
46|1366
46|1369
46|137
46|1376
46|1385
46|1387
46|139
46|1390
46|1394
46|1396
46|14
46|1400
46|1406
46|1408
46|1415
46|1417
46|1424
46|1426
46|1430
46|1432
46|1433
46|1435
46|1438
46|1441
46|1442
46|1444
46|145
46|1450
46|1457
46|1459
46|1462
46|1463
46|1465
46|1469
46|1471
46|1474
46|148
46|1480
46|1481
46|1483
46|1486
46|1489
46|1495
46|1499
46|152
46|154
46|157
46|16
46|166
46|167
46|169
46|17
46|170
46|172
46|173
46|175
46|176
46|178
46|181
46|187
46|190
46|193
46|196
46|197
46|199
46|200
46|202
46|208
46|211
46|214
46|217
46|218
46|22
46|220
46|221
46|224
46|226
46|23
46|232
46|235
46|238
46|241
46|247
46|251
46|260
46|263
46|265
46|266
46|28
46|283
46|289
46|29
46|292
46|293
46|295
46|298
46|301
46|304
46|307
46|310
46|316
46|317
46|319
46|320
46|322
46|325
46|328
46|329
46|334
46|337
46|34
46|343
46|346
46|349
46|358
46|361
46|364
46|367
46|368
46|371
46|376
46|377
46|379
46|38
46|380
46|382
46|383
46|386
46|394
46|40
46|400
46|401
46|403
46|404
46|407
46|412
46|415
46|416
46|424
46|425
46|43
46|430
46|439
46|44
46|446
46|449
46|452
46|455
46|457
46|46
46|466
46|472
46|473
46|475
46|478
46|479
46|481
46|482
46|484
46|49
46|496
46|5
46|505
46|508
46|509
46|514
46|517
46|518
46|520
46|526
46|533
46|535
46|536
46|538
46|541
46|542
46|547
46|55
46|554
46|559
46|56
46|562
46|565
46|571
46|574
46|577
46|578
46|586
46|587
46|590
46|596
46|598
46|599
46|601
46|602
46|61
46|610
46|613
46|617
46|619
46|620
46|623
46|625
46|634
46|635
46|637
46|64
46|640
46|641
46|643
46|652
46|655
46|659
46|662
46|67
46|673
46|679
46|68
46|686
46|689
46|691
46|698
46|70
46|700
46|701
46|704
46|706
46|709
46|71
46|712
46|719
46|722
46|724
46|73
46|730
46|733
46|737
46|739
46|743
46|748
46|749
46|751
46|755
46|757
46|760
46|761
46|769
46|770
46|775
46|778
46|779
46|782
46|784
46|787
46|788
46|79
46|791
46|793
46|794
46|796
46|799
46|8
46|800
46|802
46|805
46|808
46|811
46|82
46|821
46|826
46|829
46|830
46|832
46|833
46|835
46|836
46|838
46|839
46|841
46|844
46|850
46|851
46|853
46|856
46|857
46|865
46|868
46|871
46|872
46|874
46|877
46|88
46|880
46|881
46|883
46|884
46|886
46|892
46|893
46|898
46|901
46|904
46|907
46|908
46|914
46|919
46|920
46|923
46|925
46|926
46|929
46|931
46|932
46|935
46|938
46|94
46|940
46|943
46|952
46|955
46|958
46|961
46|964
46|970
46|971
46|974
46|976
46|979
46|986
46|988
46|991
49|1000
49|1001
49|1003
49|1004
49|1009
49|1010
49|1013
49|1016
49|1021
49|1024
49|1036
49|1039
49|1045
49|1049
49|1051
49|1054
49|1055
49|1057
49|106
49|1060
49|1063
49|107
49|1072
49|1073
49|1075
49|1078
49|1079
49|1082
49|1087
49|1090
49|1096
49|11
49|1102
49|1105
49|1109
49|1111
49|1114
49|1117
49|112
49|1123
49|1124
49|1126
49|1132
49|1136
49|1138
49|1141
49|1147
49|1150
49|1154
49|1156
49|1159
49|1160
49|1162
49|1163
49|1165
49|1169
49|1171
49|1172
49|1181
49|1183
49|1186
49|1189
49|1190
49|1192
49|1195
49|1198
49|1202
49|1207
49|1210
49|1211
49|122
49|1229
49|1231
49|1232
49|1234
49|1237
49|1243
49|1244
49|1246
49|1247
49|1249
49|1252
49|1255
49|1258
49|1261
49|1262
49|1264
49|1265
49|1268
49|1271
49|1286
49|1288
49|1291
49|1292
49|1294
49|1297
49|1298
49|13
49|130
49|1300
49|1303
49|1304
49|1306
49|1307
49|1310
49|1313
49|1318
49|1319
49|1322
49|1324
49|1327
49|133
49|1331
49|1339
49|134
49|1340
49|1342
49|1343
49|1355
49|1357
49|1360
49|1363
49|1367
49|1369
49|1375
49|1378
49|1379
49|1381
49|1388
49|139
49|1391
49|1396
49|14
49|1400
49|1402
49|1403
49|1405
49|1412
49|1414
49|1417
49|142
49|1423
49|1424
49|1426
49|1427
49|1429
49|1430
49|1432
49|1435
49|1438
49|1441
49|1444
49|145
49|1451
49|1456
49|1459
49|1462
49|1463
49|1465
49|1469
49|1471
49|1472
49|1474
49|1480
49|1486
49|1492
49|1499
49|152
49|154
49|16
49|160
49|163
49|164
49|166
49|169
49|175
49|179
49|184
49|187
49|19
49|190
49|200
49|202
49|209
49|214
49|215
49|217
49|22
49|226
49|229
49|23
49|232
49|235
49|236
49|238
49|242
49|244
49|245
49|247
49|248
49|25
49|250
49|256
49|257
49|263
49|266
49|268
49|274
49|277
49|278
49|28
49|280
49|281
49|283
49|289
49|293
49|295
49|298
49|299
49|304
49|307
49|31
49|316
49|319
49|320
49|323
49|328
49|331
49|334
49|338
49|340
49|341
49|343
49|347
49|356
49|358
49|361
49|364
49|368
49|37
49|379
49|385
49|388
49|391
49|395
49|397
49|398
49|4
49|40
49|400
49|401
49|403
49|409
49|41
49|412
49|416
49|419
49|421
49|428
49|43
49|434
49|436
49|437
49|440
49|442
49|445
49|446
49|448
49|46
49|472
49|475
49|479
49|481
49|484
49|485
49|49
49|490
49|491
49|493
49|494
49|496
49|499
49|508
49|511
49|514
49|52
49|523
49|529
49|53
49|530
49|535
49|538
49|541
49|544
49|548
49|553
49|554
49|556
49|559
49|56
49|563
49|565
49|566
49|571
49|583
49|586
49|587
49|589
49|592
49|595
49|596
49|598
49|604
49|607
49|608
49|610
49|616
49|623
49|625
49|634
49|635
49|638
49|640
49|643
49|649
49|65
49|659
49|661
49|664
49|667
49|668
49|671
49|673
49|68
49|685
49|691
49|697
49|698
49|700
49|701
49|706
49|709
49|712
49|715
49|719
49|721
49|724
49|728
49|73
49|730
49|736
49|737
49|739
49|74
49|745
49|746
49|748
49|751
49|754
49|757
49|76
49|760
49|763
49|764
49|769
49|770
49|772
49|776
49|779
49|784
49|787
49|788
49|794
49|796
49|8
49|802
49|814
49|817
49|818
49|82
49|820
49|821
49|823
49|824
49|826
49|827
49|829
49|832
49|835
49|838
49|842
49|847
49|85
49|850
49|851
49|854
49|862
49|865
49|868
49|872
49|874
49|877
49|880
49|883
49|884
49|892
49|893
49|898
49|901
49|902
49|904
49|91
49|910
49|914
49|916
49|919
49|920
49|922
49|929
49|932
49|934
49|94
49|953
49|956
49|964
49|967
49|97
49|970
49|973
49|979
49|98
49|980
49|985
49|988
49|991
49|992
49|994
49|998
55|10
55|1000
55|1001
55|1006
55|1007
55|1019
55|1022
55|1024
55|1027
55|1033
55|104
55|1048
55|1052
55|106
55|1063
55|1066
55|1070
55|1072
55|1073
55|1076
55|1078
55|1081
55|1084
55|1088
55|1090
55|1094
55|1096
55|1099
55|1102
55|1108
55|1112
55|1114
55|1118
55|112
55|1120
55|1121
55|1123
55|1126
55|1129
55|1132
55|1135
55|1138
55|1141
55|1142
55|1150
55|1151
55|1156
55|1157
55|1160
55|1162
55|1165
55|1174
55|118
55|1180
55|1181
55|1183
55|1186
55|1192
55|1193
55|1196
55|1199
55|1202
55|1204
55|1207
55|1208
55|1210
55|1213
55|1219
55|122
55|1220
55|1222
55|1225
55|1226
55|1231
55|1234
55|1235
55|1238
55|1240
55|1243
55|1247
55|1249
55|125
55|1253
55|1255
55|1258
55|1261
55|1270
55|1274
55|1279
55|1280
55|1294
55|1297
55|1300
55|1306
55|1309
55|1313
55|1315
55|1316
55|1319
55|1321
55|1325
55|1334
55|1336
55|134
55|1340
55|1346
55|1348
55|1349
55|1351
55|1352
55|1360
55|1363
55|1369
55|137
55|1372
55|1375
55|1378
55|1384
55|1387
55|1390
55|1391
55|1396
55|140
55|1402
55|1403
55|1405
55|1406
55|1415
55|1421
55|1429
55|1432
55|1441
55|1447
55|1453
55|1456
55|1457
55|1459
55|1460
55|1462
55|1463
55|1465
55|1468
55|1469
55|1471
55|1474
55|148
55|1480
55|1481
55|1483
55|1489
55|1492
55|1495
55|1498
55|154
55|16
55|163
55|164
55|169
55|17
55|176
55|178
55|179
55|188
55|193
55|197
55|199
55|2
55|200
55|202
55|211
55|214
55|215
55|217
55|220
55|226
55|229
55|232
55|235
55|238
55|239
55|241
55|247
55|25
55|251
55|257
55|263
55|265
55|269
55|274
55|278
55|280
55|286
55|287
55|292
55|293
55|295
55|301
55|304
55|305
55|308
55|31
55|310
55|316
55|317
55|319
55|322
55|328
55|331
55|34
55|340
55|343
55|349
55|35
55|352
55|355
55|356
55|358
55|364
55|367
55|370
55|371
55|373
55|376
55|379
55|38
55|382
55|383
55|388
55|391
55|394
55|40
55|409
55|41
55|410
55|412
55|413
55|415
55|418
55|421
55|43
55|433
55|436
55|437
55|44
55|442
55|445
55|446
55|448
55|454
55|460
55|467
55|47
55|478
55|479
55|485
55|488
55|496
55|5
55|50
55|505
55|508
55|514
55|518
55|520
55|523
55|524
55|527
55|530
55|532
55|535
55|542
55|544
55|545
55|547
55|559
55|560
55|562
55|563
55|565
55|568
55|571
55|572
55|577
55|578
55|580
55|583
55|587
55|589
55|592
55|595
55|596
55|599
55|604
55|607
55|61
55|610
55|611
55|619
55|62
55|622
55|625
55|629
55|635
55|640
55|643
55|646
55|649
55|65
55|650
55|653
55|655
55|661
55|664
55|67
55|674
55|677
55|679
55|680
55|682
55|683
55|686
55|700
55|701
55|706
55|709
55|71
55|712
55|718
55|719
55|721
55|724
55|725
55|727
55|728
55|73
55|737
55|74
55|742
55|748
55|749
55|751
55|754
55|760
55|767
55|772
55|775
55|776
55|778
55|779
55|784
55|785
55|787
55|788
55|794
55|8
55|80
55|800
55|805
55|806
55|809
55|811
55|815
55|82
55|820
55|826
55|829
55|830
55|832
55|833
55|841
55|844
55|85
55|853
55|856
55|857
55|86
55|862
55|866
55|869
55|878
55|88
55|880
55|883
55|886
55|887
55|892
55|893
55|898
55|899
55|904
55|908
55|911
55|916
55|919
55|92
55|925
55|932
55|934
55|937
55|938
55|94
55|940
55|943
55|946
55|947
55|949
55|952
55|953
55|965
55|97
55|970
55|976
55|977
55|979
55|98
55|980
55|982
55|986
55|991
55|992
55|994
55|997
57|1
57|10
57|1000
57|1003
57|1006
57|1007
57|101
57|1010
57|1012
57|1015
57|1016
57|1019
57|1024
57|1027
57|1030
57|1031
57|1034
57|1036
57|1042
57|1043
57|1045
57|1046
57|1057
57|106
57|1060
57|1063
57|1067
57|1075
57|1079
57|1081
57|1087
57|109
57|1099
57|110
57|1102
57|1103
57|1105
57|1106
57|1111
57|1121
57|1126
57|113
57|1132
57|1135
57|1136
57|1138
57|1141
57|1145
57|1147
57|115
57|1150
57|1153
57|1159
57|1162
57|1166
57|1177
57|1178
57|1180
57|1183
57|1184
57|1187
57|1190
57|1198
57|1199
57|1202
57|1205
57|121
57|1211
57|1213
57|1214
57|1217
57|1219
57|1226
57|1231
57|1234
57|1235
57|1237
57|1240
57|1246
57|1249
57|1250
57|1252
57|1255
57|1258
57|1259
57|1261
57|127
57|1270
57|1271
57|1273
57|1274
57|1276
57|1280
57|1283
57|1286
57|1288
57|1291
57|1297
57|13
57|1303
57|1304
57|1307
57|1310
57|1312
57|1315
57|1318
57|1321
57|1322
57|133
57|1330
57|1333
57|1339
57|1340
57|1342
57|1345
57|1348
57|1349
57|1351
57|1352
57|1354
57|1357
57|1358
57|136
57|1364
57|1366
57|137
57|1378
57|1381
57|1387
57|1388
57|14
57|1408
57|1409
57|1411
57|1412
57|1414
57|142
57|1423
57|1424
57|1427
57|1435
57|1436
57|1438
57|1441
57|1442
57|1447
57|145
57|1450
57|1454
57|1456
57|1459
57|1462
57|1463
57|1465
57|1472
57|1477
57|1478
57|148
57|1480
57|1481
57|1483
57|1484
57|1487
57|1498
57|1499
57|151
57|16
57|160
57|161
57|166
57|169
57|17
57|170
57|173
57|175
57|176
57|178
57|181
57|184
57|187
57|19
57|190
57|199
57|20
57|202
57|205
57|208
57|214
57|218
57|22
57|220
57|221
57|223
57|226
57|229
57|23
57|232
57|236
57|241
57|244
57|25
57|250
57|253
57|257
57|259
57|260
57|262
57|266
57|268
57|275
57|28
57|280
57|281
57|292
57|298
57|301
57|302
57|304
57|305
57|307
57|314
57|316
57|317
57|320
57|325
57|331
57|334
57|337
57|341
57|343
57|344
57|346
57|347
57|35
57|350
57|352
57|355
57|356
57|358
57|37
57|371
57|374
57|376
57|379
57|382
57|385
57|388
57|391
57|394
57|395
57|397
57|4
57|40
57|400
57|401
57|403
57|404
57|406
57|410
57|412
57|413
57|418
57|427
57|434
57|437
57|44
57|442
57|443
57|446
57|448
57|449
57|454
57|455
57|46
57|464
57|466
57|470
57|472
57|478
57|481
57|485
57|49
57|490
57|493
57|496
57|502
57|505
57|508
57|515
57|518
57|520
57|526
57|527
57|529
57|530
57|532
57|544
57|548
57|55
57|553
57|556
57|560
57|562
57|568
57|571
57|574
57|575
57|577
57|581
57|583
57|584
57|586
57|587
57|59
57|590
57|592
57|593
57|595
57|598
57|604
57|605
57|622
57|625
57|626
57|635
57|637
57|640
57|643
57|649
57|650
57|652
57|656
57|659
57|664
57|668
57|673
57|676
57|677
57|679
57|680
57|683
57|685
57|686
57|689
57|695
57|697
57|698
57|7
57|701
57|71
57|710
57|713
57|722
57|724
57|73
57|730
57|731
57|737
57|74
57|742
57|743
57|748
57|749
57|751
57|76
57|761
57|764
57|769
57|770
57|772
57|775
57|776
57|778
57|779
57|784
57|787
57|788
57|790
57|793
57|794
57|8
57|800
57|802
57|803
57|805
57|811
57|814
57|817
57|82
57|821
57|823
57|826
57|829
57|83
57|835
57|838
57|839
57|844
57|850
57|851
57|859
57|862
57|863
57|868
57|874
57|875
57|877
57|878
57|88
57|880
57|883
57|886
57|889
57|893
57|895
57|898
57|908
57|913
57|920
57|922
57|925
57|926
57|929
57|931
57|932
57|938
57|940
57|946
57|952
57|953
57|955
57|958
57|961
57|967
57|970
57|971
57|973
57|974
57|976
57|977
57|985
57|988
57|997
59|10
59|100
59|1000
59|1001
59|1003
59|1006
59|101
59|1010
59|1013
59|1016
59|1018
59|1019
59|103
59|1036
59|1037
59|1039
59|1042
59|1046
59|1048
59|1051
59|1058
59|106
59|1064
59|1069
59|1087
59|1090
59|1093
59|1096
59|1099
59|1103
59|1106
59|1111
59|1112
59|112
59|1123
59|1126
59|113
59|1132
59|1135
59|1139
59|1141
59|1142
59|1144
59|1145
59|115
59|1150
59|1153
59|1156
59|116
59|1160
59|1163
59|1166
59|1168
59|1171
59|1172
59|1174
59|1177
59|1178
59|1180
59|1186
59|1189
59|1190
59|1192
59|1193
59|1195
59|1198
59|1199
59|1201
59|1202
59|1210
59|1217
59|1219
59|1225
59|1228
59|1238
59|124
59|1240
59|1244
59|1246
59|1249
59|125
59|1255
59|1258
59|1261
59|1264
59|1268
59|127
59|1271
59|1276
59|1277
59|1279
59|1285
59|1288
59|1297
59|130
59|1300
59|1301
59|1303
59|1307
59|1309
59|1313
59|1318
59|1319
59|1321
59|1324
59|1327
59|1328
59|1337
59|1340
59|1345
59|1348
59|1355
59|1358
59|136
59|1360
59|1366
59|1369
59|137
59|1372
59|1373
59|1375
59|1376
59|1378
59|1384
59|1394
59|1399
59|14
59|1400
59|1402
59|1403
59|1408
59|1414
59|1415
59|142
59|1420
59|1424
59|1426
59|1433
59|1438
59|1439
59|1444
59|1445
59|1450
59|1453
59|1454
59|1459
59|146
59|1460
59|1463
59|1468
59|1471
59|1477
59|1478
59|148
59|1481
59|1484
59|1489
59|1495
59|1498
59|151
59|152
59|154
59|158
59|163
59|164
59|166
59|167
59|172
59|175
59|178
59|181
59|184
59|187
59|188
59|19
59|194
59|196
59|199
59|20
59|208
59|22
59|220
59|221
59|223
59|224
59|226
59|227
59|229
59|23
59|235
59|238
59|241
59|242
59|245
59|247
59|25
59|250
59|253
59|256
59|262
59|268
59|269
59|274
59|275
59|280
59|29
59|290
59|298
59|301
59|302
59|304
59|305
59|307
59|310
59|311
59|314
59|317
59|326
59|328
59|329
59|331
59|334
59|337
59|34
59|340
59|343
59|346
59|347
59|349
59|352
59|355
59|358
59|361
59|362
59|364
59|368
59|37
59|370
59|38
59|382
59|383
59|385
59|386
59|388
59|391
59|394
59|395
59|398
59|4
59|40
59|401
59|409
59|410
59|412
59|413
59|415
59|418
59|421
59|422
59|424
59|427
59|430
59|436
59|439
59|44
59|440
59|442
59|446
59|448
59|451
59|464
59|466
59|470
59|475
59|479
59|481
59|484
59|485
59|488
59|49
59|490
59|493
59|497
59|499
59|50
59|505
59|506
59|508
59|514
59|515
59|517
59|518
59|52
59|520
59|523
59|526
59|529
59|53
59|530
59|541
59|544
59|547
59|548
59|550
59|56
59|565
59|568
59|571
59|577
59|583
59|589
59|596
59|599
59|604
59|605
59|607
59|61
59|610
59|611
59|613
59|622
59|625
59|634
59|637
59|638
59|64
59|643
59|646
59|649
59|655
59|658
59|665
59|667
59|668
59|67
59|670
59|673
59|679
59|68
59|682
59|686
59|691
59|697
59|698
59|7
59|700
59|701
59|706
59|712
59|715
59|716
59|719
59|724
59|727
59|728
59|73
59|730
59|736
59|737
59|739
59|742
59|745
59|751
59|754
59|755
59|76
59|760
59|764
59|766
59|767
59|769
59|770
59|772
59|775
59|778
59|781
59|782
59|788
59|79
59|790
59|791
59|799
59|8
59|802
59|805
59|811
59|815
59|824
59|826
59|827
59|838
59|839
59|841
59|844
59|850
59|856
59|860
59|862
59|863
59|868
59|871
59|877
59|878
59|88
59|880
59|883
59|886
59|887
59|889
59|89
59|890
59|892
59|896
59|898
59|901
59|907
59|91
59|910
59|913
59|914
59|922
59|923
59|932
59|934
59|935
59|937
59|94
59|940
59|943
59|944
59|949
59|952
59|953
59|956
59|958
59|964
59|968
59|97
59|970
59|976
59|98
59|982
59|985
59|988
59|992
59|994
59|995
64|10
64|100
64|1003
64|1006
64|1009
64|1012
64|1013
64|1018
64|1021
64|1024
64|1028
64|103
64|1030
64|1031
64|1039
64|1040
64|1042
64|1054
64|1057
64|1058
64|106
64|1061
64|1070
64|1072
64|1073
64|1076
64|1078
64|1084
64|1085
64|1088
64|109
64|1090
64|1093
64|1096
64|1097
64|110
64|1102
64|1105
64|1111
64|1114
64|1118
64|1120
64|1121
64|1126
64|1129
64|1136
64|1141
64|1144
64|1147
64|1150
64|1153
64|1157
64|1162
64|1163
64|1165
64|1166
64|1168
64|1169
64|1172
64|1175
64|1177
64|1178
64|1186
64|1189
64|1193
64|1196
64|1198
64|1201
64|1202
64|1204
64|1211
64|1213
64|1216
64|1217
64|1222
64|1225
64|1228
64|1231
64|1237
64|1246
64|1247
64|1249
64|125
64|1253
64|1256
64|1258
64|1261
64|1264
64|1268
64|127
64|1271
64|1277
64|1279
64|1280
64|1282
64|1283
64|1285
64|1288
64|1291
64|1292
64|1294
64|1295
64|1298
64|13
64|1303
64|1304
64|1309
64|1310
64|1322
64|1324
64|133
64|1330
64|1339
64|134
64|1340
64|1343
64|1345
64|1346
64|1348
64|1349
64|1354
64|1355
64|1360
64|1361
64|1363
64|1366
64|1369
64|1381
64|1384
64|1388
64|1390
64|1393
64|1396
64|14
64|1402
64|1403
64|1411
64|1418
64|1424
64|1426
64|1429
64|1430
64|1432
64|1435
64|1438
64|1441
64|1442
64|145
64|1451
64|1453
64|1456
64|1462
64|1468
64|1469
64|1471
64|1474
64|1480
64|1487
64|1489
64|149
64|1490
64|1495
64|1496
64|1498
64|1499
64|151
64|154
64|155
64|16
64|160
64|163
64|164
64|166
64|169
64|17
64|178
64|179
64|181
64|182
64|184
64|190
64|194
64|199
64|200
64|202
64|214
64|215
64|217
64|22
64|220
64|224
64|226
64|229
64|23
64|230
64|235
64|236
64|238
64|239
64|244
64|250
64|256
64|257
64|259
64|260
64|262
64|266
64|268
64|272
64|28
64|280
64|281
64|289
64|304
64|307
64|308
64|31
64|319
64|320
64|323
64|328
64|332
64|334
64|337
64|338
64|343
64|344
64|349
64|35
64|355
64|358
64|368
64|371
64|374
64|376
64|386
64|388
64|391
64|4
64|403
64|404
64|407
64|409
64|410
64|412
64|413
64|415
64|418
64|421
64|424
64|43
64|442
64|445
64|446
64|448
64|452
64|455
64|457
64|461
64|463
64|464
64|466
64|472
64|473
64|475
64|479
64|487
64|488
64|49
64|490
64|493
64|494
64|499
64|506
64|511
64|512
64|514
64|517
64|52
64|520
64|523
64|526
64|527
64|529
64|532
64|536
64|538
64|545
64|547
64|550
64|551
64|556
64|559
64|56
64|562
64|565
64|571
64|572
64|575
64|577
64|58
64|580
64|583
64|586
64|59
64|590
64|595
64|596
64|598
64|601
64|604
64|607
64|613
64|622
64|623
64|625
64|628
64|629
64|634
64|637
64|640
64|649
64|652
64|655
64|661
64|664
64|667
64|677
64|686
64|691
64|694
64|697
64|698
64|700
64|701
64|709
64|712
64|718
64|719
64|724
64|727
64|73
64|733
64|736
64|740
64|742
64|743
64|751
64|755
64|763
64|764
64|766
64|769
64|770
64|775
64|776
64|779
64|785
64|79
64|790
64|793
64|794
64|796
64|802
64|803
64|805
64|817
64|820
64|829
64|830
64|835
64|839
64|841
64|842
64|844
64|850
64|856
64|862
64|866
64|868
64|869
64|875
64|878
64|88
64|880
64|883
64|892
64|893
64|898
64|904
64|91
64|919
64|925
64|926
64|928
64|929
64|932
64|938
64|94
64|940
64|943
64|95
64|952
64|959
64|961
64|97
64|970
64|971
64|973
64|976
64|982
64|986
64|988
64|991
64|995
64|998
71|10
71|100
71|1000
71|1003
71|1007
71|1009
71|1012
71|1013
71|1018
71|1028
71|1040
71|1042
71|1043
71|1051
71|1057
71|106
71|1060
71|1061
71|1066
71|1069
71|107
71|1081
71|1082
71|1084
71|1085
71|1087
71|1088
71|109
71|1093
71|1094
71|1096
71|1099
71|1102
71|1105
71|1111
71|1115
71|1118
71|1121
71|1123
71|1124
71|1127
71|1129
71|1132
71|1133
71|1139
71|1141
71|1142
71|1144
71|1150
71|1153
71|1159
71|116
71|1162
71|1163
71|1168
71|1172
71|1174
71|1177
71|1181
71|1183
71|1187
71|1189
71|119
71|1192
71|1198
71|1205
71|1207
71|121
71|1210
71|1216
71|1217
71|122
71|1220
71|1223
71|1225
71|1231
71|1232
71|1234
71|1237
71|1238
71|1240
71|1241
71|1243
71|1246
71|1249
71|125
71|1252
71|1255
71|1258
71|1261
71|1264
71|1265
71|1268
71|1276
71|1279
71|128
71|1282
71|1283
71|1297
71|130
71|1300
71|1301
71|1307
71|1309
71|1310
71|1312
71|1316
71|1318
71|1331
71|1336
71|1337
71|1340
71|1342
71|1345
71|1348
71|1352
71|1354
71|1357
71|1358
71|136
71|1360
71|1369
71|1372
71|1375
71|1378
71|1381
71|1384
71|1388
71|1393
71|1396
71|1399
71|14
71|1400
71|1408
71|1411
71|1412
71|1415
71|142
71|1420
71|1423
71|1424
71|1427
71|1429
71|1430
71|1433
71|1441
71|1442
71|1444
71|145
71|1453
71|1454
71|1456
71|146
71|1462
71|1465
71|1466
71|1468
71|1469
71|1471
71|1474
71|1475
71|1477
71|1478
71|1480
71|1486
71|1489
71|1490
71|1492
71|1496
71|1499
71|151
71|154
71|157
71|16
71|160
71|166
71|167
71|17
71|170
71|179
71|181
71|184
71|187
71|19
71|193
71|197
71|199
71|200
71|202
71|203
71|208
71|212
71|214
71|217
71|223
71|224
71|226
71|229
71|23
71|235
71|236
71|238
71|239
71|241
71|242
71|244
71|247
71|256
71|259
71|262
71|269
71|271
71|277
71|278
71|280
71|281
71|289
71|290
71|295
71|299
71|301
71|305
71|316
71|317
71|319
71|325
71|328
71|329
71|337
71|338
71|340
71|343
71|349
71|350
71|352
71|353
71|37
71|374
71|377
71|379
71|380
71|385
71|392
71|395
71|397
71|4
71|40
71|403
71|409
71|412
71|415
71|416
71|418
71|421
71|43
71|437
71|439
71|440
71|443
71|445
71|455
71|458
71|460
71|464
71|472
71|475
71|478
71|479
71|485
71|488
71|49
71|490
71|494
71|496
71|505
71|514
71|515
71|52
71|521
71|523
71|524
71|530
71|535
71|536
71|538
71|542
71|547
71|55
71|550
71|551
71|553
71|556
71|56
71|562
71|565
71|568
71|569
71|571
71|58
71|580
71|583
71|584
71|587
71|589
71|59
71|592
71|595
71|596
71|598
71|601
71|61
71|613
71|616
71|617
71|619
71|62
71|622
71|625
71|626
71|631
71|643
71|646
71|649
71|65
71|656
71|659
71|661
71|667
71|670
71|674
71|676
71|679
71|68
71|682
71|683
71|686
71|689
71|691
71|692
71|694
71|7
71|70
71|700
71|701
71|703
71|704
71|706
71|709
71|71
71|710
71|712
71|724
71|727
71|73
71|730
71|734
71|739
71|74
71|740
71|742
71|745
71|751
71|754
71|755
71|757
71|758
71|764
71|769
71|776
71|778
71|784
71|785
71|788
71|790
71|793
71|797
71|799
71|805
71|812
71|814
71|82
71|821
71|823
71|824
71|829
71|83
71|830
71|832
71|838
71|839
71|844
71|85
71|850
71|851
71|853
71|854
71|859
71|865
71|868
71|869
71|877
71|88
71|883
71|884
71|89
71|890
71|895
71|896
71|905
71|908
71|91
71|910
71|913
71|919
71|920
71|922
71|923
71|925
71|928
71|931
71|937
71|938
71|94
71|940
71|943
71|952
71|953
71|955
71|956
71|958
71|967
71|968
71|971
71|973
71|976
71|980
71|982
71|983
71|986
71|988
71|992
71|994
71|997
84|10
84|100
84|1006
84|1009
84|101
84|1015
84|1019
84|1024
84|1025
84|1027
84|1028
84|1034
84|1036
84|1039
84|1042
84|1043
84|1049
84|1051
84|1052
84|1054
84|1061
84|1064
84|1066
84|1067
84|1069
84|107
84|1070
84|1072
84|1075
84|1084
84|1087
84|109
84|1090
84|1093
84|1094
84|11
84|1100
84|1102
84|1106
84|1108
84|1111
84|1117
84|1118
84|112
84|1123
84|1126
84|1129
84|1132
84|1133
84|1136
84|1138
84|1139
84|1141
84|1142
84|1144
84|1147
84|115
84|1150
84|1153
84|1156
84|1163
84|1168
84|1169
84|1171
84|1181
84|1183
84|1187
84|1189
84|119
84|1195
84|1198
84|1204
84|1208
84|121
84|1211
84|1225
84|1226
84|1231
84|1235
84|1237
84|1240
84|1243
84|1244
84|1249
84|125
84|1253
84|1255
84|1258
84|1264
84|1265
84|1270
84|1276
84|1279
84|128
84|1288
84|1291
84|1292
84|1294
84|1297
84|1298
84|1300
84|1303
84|1306
84|1307
84|1310
84|1313
84|1318
84|1319
84|1327
84|1328
84|133
84|1330
84|1334
84|1336
84|1339
84|1340
84|1342
84|1348
84|1351
84|1352
84|1354
84|1355
84|136
84|1360
84|1369
84|1372
84|1373
84|139
84|1393
84|1397
84|1399
84|14
84|1400
84|1402
84|1408
84|1411
84|1415
84|1417
84|1426
84|1429
84|1436
84|1451
84|1453
84|1456
84|1457
84|1459
84|1462
84|1466
84|1468
84|1474
84|1477
84|1480
84|1481
84|1483
84|1486
84|1489
84|1492
84|1498
84|154
84|155
84|157
84|160
84|161
84|163
84|164
84|167
84|169
84|17
84|175
84|178
84|179
84|181
84|187
84|190
84|199
84|200
84|202
84|215
84|217
84|220
84|223
84|224
84|226
84|232
84|241
84|242
84|244
84|247
84|256
84|259
84|265
84|266
84|268
84|274
84|28
84|280
84|281
84|284
84|29
84|293
84|295
84|296
84|298
84|299
84|301
84|304
84|307
84|31
84|316
84|322
84|323
84|326
84|328
84|331
84|337
84|338
84|34
84|340
84|344
84|346
84|347
84|349
84|35
84|350
84|352
84|355
84|356
84|358
84|361
84|368
84|37
84|370
84|371
84|373
84|379
84|38
84|383
84|385
84|386
84|388
84|389
84|391
84|395
84|397
84|4
84|401
84|403
84|406
84|409
84|412
84|416
84|427
84|43
84|430
84|431
84|433
84|434
84|436
84|437
84|439
84|44
84|442
84|443
84|449
84|452
84|454
84|457
84|458
84|463
84|464
84|466
84|469
84|47
84|470
84|472
84|473
84|475
84|478
84|481
84|488
84|49
84|490
84|493
84|494
84|496
84|5
84|50
84|500
84|506
84|509
84|511
84|514
84|515
84|518
84|52
84|524
84|529
84|532
84|533
84|538
84|542
84|55
84|550
84|551
84|554
84|557
84|56
84|560
84|568
84|571
84|574
84|58
84|580
84|583
84|587
84|59
84|590
84|592
84|593
84|595
84|598
84|599
84|605
84|607
84|608
84|61
84|610
84|622
84|625
84|631
84|632
84|640
84|644
84|646
84|65
84|650
84|652
84|656
84|661
84|665
84|667
84|670
84|673
84|676
84|682
84|683
84|688
84|689
84|691
84|694
84|695
84|697
84|698
84|7
84|700
84|709
84|710
84|712
84|713
84|715
84|718
84|721
84|722
84|724
84|725
84|727
84|728
84|73
84|730
84|736
84|737
84|739
84|742
84|745
84|746
84|751
84|755
84|761
84|767
84|769
84|770
84|772
84|775
84|781
84|784
84|785
84|787
84|79
84|794
84|796
84|797
84|799
84|80
84|805
84|806
84|808
84|811
84|814
84|817
84|820
84|821
84|823
84|829
84|832
84|839
84|841
84|847
84|850
84|853
84|854
84|856
84|857
84|859
84|862
84|871
84|877
84|881
84|887
84|889
84|89
84|898
84|904
84|907
84|910
84|913
84|92
84|923
84|925
84|935
84|937
84|94
84|940
84|941
84|943
84|944
84|949
84|95
84|950
84|953
84|955
84|958
84|961
84|964
84|968
84|97
84|970
84|973
84|974
84|976
84|982
84|986
84|988
84|994
87|10
87|100
87|1000
87|1001
87|1003
87|101
87|1010
87|1012
87|1018
87|1019
87|1028
87|103
87|1030
87|1031
87|1033
87|1040
87|1042
87|1048
87|1049
87|1051
87|1054
87|1058
87|106
87|1060
87|1063
87|1069
87|107
87|1073
87|1075
87|1079
87|1081
87|1085
87|1087
87|1088
87|1090
87|1093
87|1096
87|1099
87|1100
87|1102
87|1105
87|1106
87|1111
87|1114
87|1117
87|1118
87|1120
87|1123
87|1126
87|1129
87|1132
87|1135
87|1139
87|1142
87|1150
87|1153
87|1156
87|1168
87|1171
87|1174
87|1175
87|1177
87|1178
87|118
87|1189
87|1192
87|1193
87|1198
87|1199
87|1201
87|1204
87|1207
87|121
87|1210
87|1214
87|1216
87|1217
87|122
87|1225
87|1231
87|1234
87|124
87|1240
87|1244
87|1246
87|1249
87|1252
87|1255
87|1258
87|1261
87|1268
87|127
87|1270
87|1282
87|1288
87|1292
87|1294
87|1295
87|1303
87|1306
87|1309
87|1312
87|1315
87|1318
87|1324
87|133
87|1333
87|1336
87|1340
87|1342
87|1345
87|1349
87|1351
87|1352
87|1354
87|1355
87|1357
87|1358
87|136
87|1360
87|1363
87|1366
87|1369
87|1373
87|1378
87|1381
87|1387
87|1388
87|1390
87|1391
87|1394
87|1396
87|1399
87|140
87|1403
87|1411
87|1412
87|1418
87|1424
87|1426
87|1427
87|1429
87|1435
87|1441
87|1442
87|1444
87|1453
87|1459
87|1465
87|1468
87|1472
87|1478
87|1483
87|1486
87|1489
87|149
87|1490
87|1492
87|1493
87|1495
87|151
87|158
87|160
87|163
87|169
87|176
87|181
87|184
87|187
87|188
87|19
87|190
87|197
87|199
87|2
87|214
87|217
87|218
87|223
87|224
87|226
87|232
87|233
87|235
87|236
87|241
87|242
87|247
87|251
87|253
87|254
87|256
87|257
87|26
87|262
87|263
87|265
87|268
87|271
87|275
87|277
87|28
87|280
87|281
87|283
87|287
87|289
87|295
87|296
87|298
87|299
87|304
87|305
87|307
87|31
87|310
87|311
87|316
87|319
87|320
87|325
87|326
87|328
87|331
87|337
87|34
87|343
87|349
87|35
87|361
87|364
87|365
87|367
87|37
87|374
87|376
87|388
87|391
87|392
87|394
87|4
87|403
87|409
87|41
87|410
87|413
87|415
87|425
87|427
87|428
87|431
87|433
87|436
87|437
87|445
87|448
87|455
87|458
87|463
87|464
87|466
87|472
87|473
87|475
87|476
87|479
87|487
87|490
87|509
87|514
87|517
87|52
87|521
87|523
87|526
87|529
87|53
87|530
87|532
87|538
87|542
87|544
87|551
87|559
87|563
87|565
87|568
87|571
87|575
87|577
87|580
87|583
87|584
87|587
87|59
87|590
87|592
87|595
87|596
87|598
87|604
87|607
87|61
87|611
87|614
87|619
87|62
87|623
87|625
87|631
87|632
87|640
87|643
87|649
87|652
87|655
87|658
87|659
87|662
87|664
87|671
87|673
87|676
87|679
87|682
87|683
87|685
87|686
87|688
87|689
87|691
87|694
87|7
87|70
87|701
87|706
87|712
87|718
87|722
87|727
87|73
87|730
87|731
87|736
87|739
87|740
87|743
87|748
87|751
87|752
87|754
87|757
87|763
87|767
87|769
87|770
87|772
87|773
87|781
87|790
87|791
87|797
87|800
87|802
87|808
87|811
87|812
87|814
87|815
87|818
87|821
87|826
87|83
87|832
87|835
87|838
87|844
87|847
87|85
87|850
87|851
87|854
87|856
87|857
87|860
87|862
87|863
87|865
87|871
87|874
87|877
87|88
87|881
87|883
87|887
87|89
87|892
87|893
87|895
87|901
87|902
87|905
87|907
87|908
87|910
87|913
87|917
87|919
87|922
87|925
87|926
87|928
87|931
87|932
87|934
87|938
87|94
87|940
87|941
87|943
87|944
87|946
87|949
87|952
87|955
87|956
87|958
87|962
87|964
87|965
87|97
87|970
87|973
87|979
87|980
87|982
87|988
87|991
8|1
8|100
8|1000
8|1004
8|1006
8|1012
8|1013
8|1021
8|1022
8|1024
8|1025
8|1027
8|1028
8|103
8|1036
8|1042
8|1046
8|1051
8|1055
8|1064
8|1066
8|1067
8|1072
8|1075
8|1076
8|1078
8|1082
8|1084
8|1085
8|1087
8|109
8|1093
8|1097
8|1102
8|1109
8|1114
8|1115
8|1117
8|112
8|1123
8|1124
8|1129
8|1136
8|1141
8|1144
8|1148
8|1150
8|1151
8|1154
8|1159
8|116
8|1160
8|1163
8|1168
8|1169
8|1174
8|1177
8|1181
8|1184
8|1187
8|1189
8|1190
8|1192
8|1195
8|1201
8|1204
8|1207
8|121
8|1211
8|1217
8|1225
8|1228
8|1237
8|1240
8|1243
8|1246
8|1249
8|1252
8|1255
8|1256
8|1262
8|1270
8|1273
8|1276
8|1285
8|1288
8|1291
8|1294
8|130
8|1300
8|1304
8|1306
8|1307
8|131
8|1312
8|1315
8|1319
8|1321
8|1325
8|1330
8|1331
8|1334
8|1337
8|134
8|1340
8|1343
8|1345
8|1348
8|1351
8|1352
8|1357
8|1358
8|136
8|1360
8|1361
8|1363
8|1366
8|1369
8|1375
8|1378
8|1381
8|1384
8|1385
8|1387
8|1388
8|139
8|1390
8|1391
8|1396
8|1397
8|1399
8|1403
8|1405
8|1409
8|1412
8|1414
8|142
8|1420
8|1429
8|1438
8|1441
8|1447
8|145
8|1450
8|1451
8|1456
8|1459
8|1463
8|1468
8|1471
8|1478
8|148
8|1480
8|1483
8|1484
8|1496
8|1498
8|151
8|154
8|157
8|158
8|16
8|161
8|167
8|169
8|172
8|181
8|184
8|187
8|190
8|191
8|193
8|196
8|197
8|202
8|206
8|208
8|212
8|214
8|22
8|220
8|223
8|224
8|226
8|227
8|235
8|236
8|238
8|241
8|242
8|244
8|25
8|251
8|256
8|26
8|263
8|265
8|268
8|269
8|289
8|29
8|292
8|295
8|298
8|299
8|301
8|304
8|305
8|310
8|320
8|325
8|326
8|329
8|332
8|334
8|340
8|341
8|343
8|349
8|35
8|359
8|364
8|37
8|370
8|373
8|374
8|38
8|380
8|382
8|386
8|388
8|391
8|394
8|397
8|398
8|4
8|400
8|401
8|403
8|413
8|418
8|419
8|421
8|422
8|425
8|43
8|431
8|433
8|434
8|436
8|437
8|439
8|44
8|440
8|445
8|446
8|448
8|457
8|458
8|460
8|467
8|472
8|475
8|476
8|487
8|490
8|5
8|50
8|500
8|505
8|508
8|511
8|515
8|517
8|52
8|520
8|521
8|523
8|526
8|530
8|532
8|536
8|538
8|541
8|542
8|544
8|548
8|55
8|553
8|556
8|565
8|575
8|578
8|58
8|587
8|593
8|595
8|598
8|601
8|607
8|610
8|614
8|619
8|62
8|622
8|625
8|626
8|628
8|629
8|632
8|637
8|638
8|64
8|643
8|647
8|65
8|650
8|656
8|659
8|661
8|664
8|667
8|67
8|670
8|68
8|682
8|683
8|686
8|691
8|694
8|7
8|70
8|700
8|701
8|706
8|707
8|709
8|710
8|712
8|713
8|725
8|73
8|730
8|733
8|734
8|737
8|739
8|742
8|743
8|745
8|746
8|749
8|751
8|754
8|757
8|758
8|763
8|764
8|766
8|767
8|770
8|772
8|781
8|784
8|79
8|790
8|796
8|8
8|80
8|802
8|806
8|808
8|811
8|812
8|815
8|818
8|824
8|83
8|830
8|835
8|839
8|844
8|85
8|850
8|851
8|853
8|854
8|86
8|871
8|877
8|883
8|89
8|890
8|893
8|898
8|904
8|91
8|916
8|919
8|922
8|928
8|929
8|937
8|94
8|943
8|944
8|949
8|950
8|952
8|958
8|962
8|964
8|965
8|967
8|97
8|970
8|971
8|976
8|979
8|986
8|988
8|989
8|991
8|994
8|997
91|1000
91|1006
91|1007
91|1009
91|101
91|1010
91|1016
91|1025
91|103
91|1033
91|1039
91|1054
91|1058
91|106
91|1061
91|1064
91|1066
91|1067
91|1076
91|1081
91|1084
91|1085
91|1090
91|1099
91|1102
91|1103
91|1111
91|1112
91|1114
91|1115
91|1117
91|1118
91|112
91|1120
91|1123
91|1133
91|1135
91|1136
91|1138
91|1141
91|1144
91|1147
91|1150
91|1153
91|1156
91|1159
91|116
91|1162
91|1168
91|1183
91|1184
91|1187
91|1192
91|1196
91|1198
91|1199
91|1201
91|1202
91|1204
91|1207
91|121
91|1210
91|1213
91|1216
91|1219
91|122
91|1220
91|1223
91|1225
91|1228
91|1232
91|1234
91|1235
91|1238
91|1243
91|1247
91|1249
91|1252
91|1255
91|1258
91|1267
91|1271
91|1277
91|1279
91|1289
91|1291
91|1294
91|1295
91|1297
91|13
91|130
91|1300
91|1306
91|131
91|1313
91|1315
91|1318
91|1321
91|1324
91|1327
91|1331
91|1333
91|1336
91|1339
91|134
91|1345
91|1346
91|1348
91|1349
91|1351
91|136
91|1360
91|1361
91|1366
91|1367
91|1372
91|1376
91|1378
91|1379
91|1384
91|1387
91|1388
91|139
91|1390
91|1393
91|140
91|1405
91|1406
91|142
91|1420
91|1424
91|1427
91|1429
91|1430
91|1432
91|1438
91|1439
91|1445
91|1447
91|145
91|1453
91|1454
91|1456
91|1457
91|1459
91|146
91|1463
91|1466
91|1468
91|1472
91|1474
91|1475
91|1477
91|1478
91|1480
91|1481
91|1486
91|1487
91|1495
91|1496
91|1498
91|151
91|154
91|161
91|164
91|169
91|17
91|172
91|173
91|175
91|176
91|178
91|179
91|181
91|19
91|20
91|202
91|203
91|208
91|214
91|215
91|220
91|221
91|223
91|224
91|229
91|232
91|233
91|235
91|236
91|238
91|239
91|244
91|247
91|25
91|250
91|257
91|260
91|263
91|265
91|271
91|274
91|277
91|278
91|28
91|280
91|283
91|284
91|286
91|290
91|292
91|295
91|296
91|298
91|299
91|302
91|304
91|307
91|313
91|317
91|319
91|32
91|322
91|328
91|334
91|340
91|341
91|344
91|349
91|35
91|352
91|358
91|359
91|367
91|37
91|370
91|374
91|379
91|38
91|385
91|391
91|392
91|40
91|406
91|409
91|41
91|412
91|413
91|415
91|418
91|421
91|422
91|425
91|427
91|430
91|433
91|436
91|44
91|440
91|451
91|454
91|458
91|467
91|469
91|472
91|473
91|478
91|481
91|482
91|484
91|487
91|49
91|491
91|493
91|5
91|50
91|505
91|508
91|512
91|517
91|52
91|523
91|526
91|527
91|529
91|53
91|530
91|533
91|536
91|538
91|544
91|551
91|553
91|556
91|557
91|560
91|565
91|568
91|574
91|577
91|58
91|580
91|581
91|583
91|584
91|589
91|602
91|604
91|61
91|610
91|611
91|613
91|614
91|631
91|634
91|635
91|64
91|643
91|644
91|65
91|652
91|653
91|655
91|661
91|662
91|664
91|665
91|670
91|673
91|674
91|676
91|677
91|682
91|686
91|688
91|691
91|694
91|697
91|698
91|70
91|700
91|706
91|707
91|71
91|715
91|718
91|721
91|722
91|724
91|73
91|730
91|731
91|734
91|736
91|737
91|739
91|742
91|745
91|746
91|748
91|749
91|751
91|752
91|754
91|757
91|758
91|760
91|766
91|767
91|769
91|772
91|773
91|775
91|778
91|781
91|782
91|784
91|787
91|79
91|790
91|793
91|794
91|797
91|800
91|802
91|805
91|814
91|817
91|818
91|82
91|823
91|824
91|826
91|827
91|829
91|830
91|841
91|85
91|850
91|856
91|857
91|859
91|863
91|868
91|869
91|872
91|877
91|878
91|88
91|880
91|881
91|887
91|893
91|898
91|899
91|904
91|91
91|919
91|922
91|943
91|946
91|949
91|953
91|958
91|965
91|967
91|97
91|970
91|971
91|976
91|980
91|989
91|992
91|998
92|10
92|1000
92|1001
92|1003
92|1007
92|1010
92|1012
92|1013
92|1015
92|1019
92|1024
92|1025
92|1033
92|1034
92|1036
92|1037
92|1042
92|1043
92|1051
92|1052
92|1054
92|1058
92|1060
92|1067
92|1078
92|1084
92|1087
92|1093
92|1094
92|1096
92|1099
92|1102
92|1103
92|1105
92|1108
92|1112
92|1115
92|1117
92|112
92|1123
92|1132
92|1136
92|1138
92|1141
92|1142
92|1144
92|1147
92|1150
92|1156
92|1159
92|116
92|1162
92|1168
92|1171
92|1175
92|1178
92|118
92|1184
92|1189
92|1193
92|1195
92|1196
92|1198
92|1199
92|1201
92|1202
92|1205
92|121
92|1210
92|1217
92|1219
92|1220
92|1222
92|1223
92|1225
92|1229
92|1234
92|1238
92|124
92|1243
92|1247
92|1249
92|1252
92|1255
92|1264
92|1267
92|1276
92|1279
92|1280
92|1282
92|1288
92|1291
92|1294
92|1295
92|130
92|1306
92|1307
92|1315
92|1318
92|1321
92|1322
92|1324
92|1325
92|1327
92|133
92|1336
92|1339
92|1340
92|1345
92|1352
92|1354
92|1355
92|1358
92|136
92|1360
92|1361
92|1363
92|1366
92|1369
92|1375
92|1376
92|1379
92|1381
92|1384
92|1388
92|139
92|1390
92|1391
92|1393
92|1394
92|1396
92|1397
92|1399
92|14
92|1400
92|1402
92|1403
92|1408
92|1411
92|1412
92|1415
92|1417
92|1420
92|1429
92|1430
92|1436
92|1438
92|1445
92|145
92|1454
92|1456
92|1457
92|1459
92|1465
92|1468
92|1471
92|1477
92|1478
92|1484
92|1490
92|1498
92|155
92|158
92|16
92|160
92|161
92|169
92|172
92|184
92|190
92|194
92|196
92|20
92|200
92|208
92|212
92|214
92|217
92|22
92|220
92|223
92|224
92|227
92|23
92|230
92|236
92|238
92|247
92|248
92|25
92|250
92|251
92|259
92|262
92|265
92|268
92|269
92|271
92|274
92|277
92|280
92|283
92|289
92|292
92|293
92|295
92|296
92|298
92|301
92|304
92|305
92|308
92|31
92|313
92|314
92|316
92|317
92|322
92|323
92|325
92|328
92|331
92|337
92|34
92|341
92|35
92|350
92|352
92|353
92|359
92|361
92|364
92|370
92|371
92|376
92|379
92|38
92|382
92|385
92|386
92|388
92|394
92|397
92|398
92|40
92|400
92|404
92|409
92|421
92|424
92|427
92|430
92|433
92|436
92|442
92|445
92|448
92|454
92|455
92|458
92|461
92|466
92|467
92|469
92|470
92|472
92|473
92|475
92|485
92|487
92|493
92|494
92|496
92|50
92|508
92|512
92|514
92|518
92|52
92|520
92|521
92|523
92|526
92|527
92|530
92|532
92|533
92|536
92|538
92|541
92|55
92|550
92|556
92|565
92|569
92|571
92|572
92|574
92|575
92|590
92|592
92|598
92|599
92|604
92|605
92|610
92|613
92|62
92|625
92|626
92|631
92|638
92|643
92|646
92|647
92|650
92|652
92|653
92|655
92|664
92|665
92|667
92|668
92|67
92|670
92|673
92|674
92|676
92|677
92|679
92|68
92|685
92|686
92|691
92|692
92|695
92|697
92|698
92|7
92|707
92|709
92|712
92|718
92|719
92|722
92|727
92|728
92|73
92|730
92|734
92|736
92|737
92|739
92|743
92|745
92|769
92|772
92|775
92|778
92|781
92|784
92|785
92|787
92|79
92|794
92|799
92|80
92|800
92|802
92|803
92|806
92|809
92|820
92|821
92|823
92|826
92|827
92|829
92|83
92|830
92|832
92|841
92|844
92|85
92|850
92|856
92|868
92|869
92|874
92|878
92|88
92|880
92|883
92|886
92|892
92|895
92|898
92|899
92|904
92|905
92|907
92|908
92|910
92|913
92|914
92|919
92|920
92|922
92|923
92|928
92|931
92|935
92|94
92|940
92|943
92|946
92|949
92|955
92|964
92|97
92|970
92|976
92|979
92|982
